  main.cpp
C:\Users\Albin\Documents\GitHub\Combinatorial-Problem-Solving\CPS\deps\include\gecode/support/exception.hpp(46): warning C4275: non dll-interface class 'std::exception' used as base for dll-interface class 'Gecode::Exception'
  C:\Program Files (x86)\Microsoft Visual Studio 14.0\VC\include\vcruntime_exception.h(43): note: see declaration of 'std::exception'
  C:\Users\Albin\Documents\GitHub\Combinatorial-Problem-Solving\CPS\deps\include\gecode/support/exception.hpp(46): note: see declaration of 'Gecode::Exception'
C:\Users\Albin\Documents\GitHub\Combinatorial-Problem-Solving\CPS\deps\include\gecode/search.hh(312): warning C4251: 'Gecode::Search::CutoffRandom::rnd': class 'Gecode::Support::LinearCongruentialGenerator<2147483647,48271,44488,3399>' needs to have dll-interface to be used by clients of class 'Gecode::Search::CutoffRandom'
  C:\Users\Albin\Documents\GitHub\Combinatorial-Problem-Solving\CPS\deps\include\gecode/support/random.hpp(123): note: see declaration of 'Gecode::Support::LinearCongruentialGenerator<2147483647,48271,44488,3399>'
C:\Users\Albin\Documents\GitHub\Combinatorial-Problem-Solving\CPS\deps\include\gecode/search.hh(670): warning C4251: 'Gecode::Search::Builder::opt': class 'Gecode::Search::Options' needs to have dll-interface to be used by clients of class 'Gecode::Search::Builder'
  C:\Users\Albin\Documents\GitHub\Combinatorial-Problem-Solving\CPS\deps\include\gecode/search.hh(446): note: see declaration of 'Gecode::Search::Options'
C:\Users\Albin\Documents\GitHub\Combinatorial-Problem-Solving\CPS\deps\include\gecode/search/meta/dead.hh(47): warning C4251: 'Gecode::Search::Meta::Dead::stat': class 'Gecode::Search::Statistics' needs to have dll-interface to be used by clients of class 'Gecode::Search::Meta::Dead'
  C:\Users\Albin\Documents\GitHub\Combinatorial-Problem-Solving\CPS\deps\include\gecode/search.hh(140): note: see declaration of 'Gecode::Search::Statistics'
C:\Users\Albin\Documents\GitHub\Combinatorial-Problem-Solving\CPS\deps\include\gecode/int.hh(4725): warning C4275: non dll-interface class 'Gecode::TracerBase' used as base for dll-interface class 'Gecode::Tracer<Gecode::Int::IntView>'
  C:\Users\Albin\Documents\GitHub\Combinatorial-Problem-Solving\CPS\deps\include\gecode/kernel/tracer.hpp(41): note: see declaration of 'Gecode::TracerBase'
  C:\Users\Albin\Documents\GitHub\Combinatorial-Problem-Solving\CPS\deps\include\gecode/int.hh(4714): note: see declaration of 'Gecode::Tracer<Gecode::Int::IntView>'
C:\Users\Albin\Documents\GitHub\Combinatorial-Problem-Solving\CPS\deps\include\gecode/int.hh(4761): warning C4275: non dll-interface class 'Gecode::TracerBase' used as base for dll-interface class 'Gecode::Tracer<Gecode::Int::BoolView>'
  C:\Users\Albin\Documents\GitHub\Combinatorial-Problem-Solving\CPS\deps\include\gecode/kernel/tracer.hpp(41): note: see declaration of 'Gecode::TracerBase'
  C:\Users\Albin\Documents\GitHub\Combinatorial-Problem-Solving\CPS\deps\include\gecode/int.hh(4750): note: see declaration of 'Gecode::Tracer<Gecode::Int::BoolView>'
C:\Users\Albin\Documents\GitHub\Combinatorial-Problem-Solving\CPS\deps\include\gecode/set.hh(1717): warning C4275: non dll-interface class 'Gecode::TracerBase' used as base for dll-interface class 'Gecode::Tracer<Gecode::Set::SetView>'
  C:\Users\Albin\Documents\GitHub\Combinatorial-Problem-Solving\CPS\deps\include\gecode/kernel/tracer.hpp(41): note: see declaration of 'Gecode::TracerBase'
  C:\Users\Albin\Documents\GitHub\Combinatorial-Problem-Solving\CPS\deps\include\gecode/set.hh(1706): note: see declaration of 'Gecode::Tracer<Gecode::Set::SetView>'
C:\Users\Albin\Documents\GitHub\Combinatorial-Problem-Solving\CPS\deps\include\gecode/float.hh(1904): warning C4275: non dll-interface class 'Gecode::TracerBase' used as base for dll-interface class 'Gecode::Tracer<Gecode::Float::FloatView>'
  C:\Users\Albin\Documents\GitHub\Combinatorial-Problem-Solving\CPS\deps\include\gecode/kernel/tracer.hpp(41): note: see declaration of 'Gecode::TracerBase'
  C:\Users\Albin\Documents\GitHub\Combinatorial-Problem-Solving\CPS\deps\include\gecode/float.hh(1893): note: see declaration of 'Gecode::Tracer<Gecode::Float::FloatView>'
main.cpp(51): warning C4244: '+=': conversion from 'double' to 'int', possible loss of data
main.cpp(54): warning C4267: 'argument': conversion from 'size_t' to 'int', possible loss of data
main.cpp(55): warning C4267: 'argument': conversion from 'size_t' to 'int', possible loss of data
main.cpp(139): warning C4800: 'int': forcing value to bool 'true' or 'false' (performance warning)
main.cpp(198): warning C4244: 'initializing': conversion from 'double' to 'float', possible loss of data
main.cpp(238): warning C4244: '+=': conversion from 'double' to 'int', possible loss of data
  Generating code
  7 of 748 functions ( 0.9%) were compiled, the rest were copied from previous compilation.
    0 functions were new in current compilation
    2 functions had inline decision re-evaluated but remain unchanged
  Finished generating code
  CPS.vcxproj -> C:\Users\Albin\Documents\GitHub\Combinatorial-Problem-Solving\CPS\x64\Release\CPS.exe
  CPS.vcxproj -> C:\Users\Albin\Documents\GitHub\Combinatorial-Problem-Solving\CPS\x64\Release\CPS.pdb (Full PDB)
